生成启动时间为 2017/3/6 12:55:01。
     1>项目“H:\mycode\MyBlackBone\src\TestApp\TestApp.vcxproj”在节点 2 上(Build 个目标)。
     1>InitializeBuildStatus:
         正在对“x64\Release\TestApp.tlog\unsuccessfulbuild”执行 Touch 任务。
       ClCompile:
         所有输出均为最新。
         所有输出均为最新。
       Link:
         D:\VS2015\VS2015\VC\bin\x86_amd64\link.exe /ERRORREPORT:PROMPT /OUT:"H:\mycode\MyBlackBone\x64\Release\TestApp.exe" /INCREMENTAL:NO /NOLOGO kernel32.lib user32.lib gdi32.lib winspool.lib comdlg32.lib advapi32.lib shell32.lib ole32.lib oleaut32.lib uuid.lib odbc32.lib odbccp32.lib /MANIFEST /MANIFESTUAC:"level='asInvoker' uiAccess='false'" /manifest:embed /Debug /PDB:"H:\mycode\MyBlackBone\x64\Release\TestApp.pdb" /SUBSYSTEM:CONSOLE /OPT:REF /OPT:ICF /LTCG:incremental /TLBID:1 /DYNAMICBASE /NXCOMPAT /IMPLIB:"H:\mycode\MyBlackBone\x64\Release\TestApp.lib" /MACHINE:X64 x64\Release\stdafx.obj
         x64\Release\TestApp.obj
     1>TestApp.obj : error LNK2001: 无法解析的外部符号 "public: __cdecl blackbone::Process::Process(void)" (??0Process@blackbone@@QEAA@XZ)
     1>TestApp.obj : error LNK2001: 无法解析的外部符号 "public: __cdecl blackbone::Process::~Process(void)" (??1Process@blackbone@@QEAA@XZ)
     1>TestApp.obj : error LNK2001: 无法解析的外部符号 "public: long __cdecl blackbone::Process::Attach(unsigned long,unsigned long)" (?Attach@Process@blackbone@@QEAAJKK@Z)
     1>H:\mycode\MyBlackBone\x64\Release\TestApp.exe : fatal error LNK1120: 3 个无法解析的外部命令
     1>已完成生成项目“H:\mycode\MyBlackBone\src\TestApp\TestApp.vcxproj”(Build 个目标)的操作 - 失败。

生成失败。

已用时间 00:00:00.25
